<<<<<<< HEAD
Base path: D:/Unity/Editor/Data
Pipe name: \\.\pipe\UnityShaderCompiler-64bit-1-8812
Cmd: getPlatforms
Cmd: compileSnippet
  api=4 type=0 insize=1705 outsize=2314 kw=FOG_EXP2 SOFTPARTICLES_ON pd= ok=1
Cmd: compileSnippet
  api=4 type=1 insize=1705 outsize=1826 kw=FOG_EXP2 SOFTPARTICLES_ON pd= ok=1
Cmd: compileSnippet
  api=4 type=0 insize=1470 outsize=1940 kw=FOG_EXP2 pd= ok=1
Cmd: compileSnippet
  api=4 type=1 insize=1470 outsize=1087 kw=FOG_EXP2 pd= ok=1
Cmd: compileSnippet
  api=4 type=0 insize=1470 outsize=1274 kw= pd= ok=1
Cmd: compileSnippet
  api=4 type=1 insize=1470 outsize=770 kw= pd= ok=1
=======
Base path: C:/Program Files/Unity/Editor/Data
Pipe name: \\.\pipe\UnityShaderCompiler-64bit-1-40720
Cmd: getPlatforms
Cmd: preprocess
  insize=1305 outsize=357 ok=1
Cmd: compileSnippet
  api=4 type=0 insize=1250 outsize=1599 kw= pd= ok=1
Cmd: compileSnippet
  api=4 type=1 insize=1250 outsize=1168 kw= pd= ok=1
Cmd: preprocess
  insize=1367 outsize=391 ok=1
Cmd: compileSnippet
  api=4 type=0 insize=1277 outsize=1599 kw= pd= ok=1
Cmd: compileSnippet
  api=4 type=1 insize=1277 outsize=1168 kw= pd= ok=1
Cmd: compileSnippet
  api=4 type=0 insize=1277 outsize=1916 kw=FOG_EXP2 pd= ok=1
Cmd: compileSnippet
  api=4 type=1 insize=1277 outsize=1379 kw=FOG_EXP2 pd= ok=1
>>>>>>> 3ebded7a66ecc415193fc654e99fc1acf2975372
